Arguments: 
  /home/elioenaiferrari/.nvm/versions/node/v12.19.0/bin/node /home/elioenaiferrari/.nvm/versions/node/v12.19.0/bin/yarn add @babel/core @babel/node @babel/cli @babel/plugin-transform-spread babel-module-resolver -D

PATH: 
  /home/elioenaiferrari/.nvm/versions/node/v12.19.0/bin:/home/elioenaiferrari/.local/bin:/home/elioenaiferrari/.local/bin:/usr/local/bin:/usr/local/sbin:/usr/bin:/usr/lib/jvm/default/bin:/usr/bin/site_perl:/usr/bin/vendor_perl:/usr/bin/core_perl:/var/lib/snapd/snap/bin:/usr/lib/jvm/default/bin:/home/elioenaiferrari/flutter/bin:/home/elioenaiferrari/flutter/bin

Yarn version: 
  1.22.10

Node version: 
  12.19.0

Platform: 
  linux x64

Trace: 
  Error: https://registry.yarnpkg.com/babel-module-resolver: Not found
      at Request.params.callback [as _callback] (/home/elioenaiferrari/.nvm/versions/node/v12.19.0/lib/node_modules/yarn/lib/cli.js:66988:18)
      at Request.self.callback (/home/elioenaiferrari/.nvm/versions/node/v12.19.0/lib/node_modules/yarn/lib/cli.js:140662:22)
      at Request.emit (events.js:314:20)
      at Request.<anonymous> (/home/elioenaiferrari/.nvm/versions/node/v12.19.0/lib/node_modules/yarn/lib/cli.js:141634:10)
      at Request.emit (events.js:314:20)
      at IncomingMessage.<anonymous> (/home/elioenaiferrari/.nvm/versions/node/v12.19.0/lib/node_modules/yarn/lib/cli.js:141556:12)
      at Object.onceWrapper (events.js:420:28)
      at IncomingMessage.emit (events.js:326:22)
      at endReadableNT (_stream_readable.js:1223:12)
      at processTicksAndRejections (internal/process/task_queues.js:84:21)

npm manifest: 
  {
    "name": "idev_backend",
    "version": "1.0.0",
    "main": "index.js",
    "license": "MIT"
  }

yarn manifest: 
  No manifest

Lockfile: 
  No lockfile
